<?xml version="1.0" encoding="UTF-8"?>
<testng-results ignored="0" total="1" passed="1" failed="0" skipped="0">
  <reporter-output>
  </reporter-output>
  <suite started-at="2024-06-19T07:34:37Z" name="Default suite" finished-at="2024-06-19T07:35:04Z" duration-ms="26736">
    <groups>
    </groups>
    <test started-at="2024-06-19T07:34:37Z" name="Default test" finished-at="2024-06-19T07:35:04Z" duration-ms="26736">
      <class name="com.practice.automation_code.SelectDragAndDrop">
        <test-method is-config="true" signature="setup()[pri:0, instance:com.practice.automation_code.SelectDragAndDrop@791f145a]" started-at="2024-06-19T13:04:37Z" name="setup" finished-at="2024-06-19T13:04:58Z" duration-ms="21089" status="PASS">
          <reporter-output>
          </reporter-output>
        </test-method> <!-- setup -->
        <test-method signature="verifyDragAndDrop()[pri:0, instance:com.practice.automation_code.SelectDragAndDrop@791f145a]" started-at="2024-06-19T13:04:58Z" name="verifyDragAndDrop" finished-at="2024-06-19T13:05:03Z" duration-ms="4330" status="PASS">
          <reporter-output>
          </reporter-output>
        </test-method> <!-- verifyDragAndDrop -->
        <test-method is-config="true" signature="tearDown()[pri:0, instance:com.practice.automation_code.SelectDragAndDrop@791f145a]" started-at="2024-06-19T13:05:03Z" name="tearDown" finished-at="2024-06-19T13:05:04Z" duration-ms="1296" status="PASS">
          <reporter-output>
          </reporter-output>
        </test-method> <!-- tearDown -->
      </class> <!-- com.practice.automation_code.SelectDragAndDrop -->
    </test> <!-- Default test -->
  </suite> <!-- Default suite -->
</testng-results>
